Utility.obj : error LNK2005: "void __cdecl stbi__tga_read_rgb16(struct stbi__context *,unsigned char *)" (?stbi__tga_read_rgb16@@YAXPAUstbi__context@@PAE@Z) already defined in main.obj
Utility.obj : error LNK2005: _stbi_convert_iphone_png_to_rgb already defined in main.obj
Utility.obj : error LNK2005: _stbi_failure_reason already defined in main.obj
Utility.obj : error LNK2005: _stbi_hdr_to_ldr_gamma already defined in main.obj
Utility.obj : error LNK2005: _stbi_hdr_to_ldr_scale already defined in main.obj
Utility.obj : error LNK2005: _stbi_image_free already defined in main.obj
Utility.obj : error LNK2005: _stbi_info already defined in main.obj
Utility.obj : error LNK2005: _stbi_info_from_callbacks already defined in main.obj
Utility.obj : error LNK2005: _stbi_info_from_file already defined in main.obj
Utility.obj : error LNK2005: _stbi_info_from_memory already defined in main.obj
Utility.obj : error LNK2005: _stbi_is_hdr already defined in main.obj
Utility.obj : error LNK2005: _stbi_is_hdr_from_callbacks already defined in main.obj
Utility.obj : error LNK2005: _stbi_is_hdr_from_file already defined in main.obj
Utility.obj : error LNK2005: _stbi_is_hdr_from_memory already defined in main.obj
Utility.obj : error LNK2005: _stbi_ldr_to_hdr_gamma already defined in main.obj
Utility.obj : error LNK2005: _stbi_ldr_to_hdr_scale already defined in main.obj
Utility.obj : error LNK2005: _stbi_load already defined in main.obj
Utility.obj : error LNK2005: _stbi_load_from_callbacks already defined in main.obj
Utility.obj : error LNK2005: _stbi_load_from_file already defined in main.obj
Utility.obj : error LNK2005: _stbi_load_from_memory already defined in main.obj
Utility.obj : error LNK2005: _stbi_loadf already defined in main.obj
Utility.obj : error LNK2005: _stbi_loadf_from_callbacks already defined in main.obj
Utility.obj : error LNK2005: _stbi_loadf_from_file already defined in main.obj
Utility.obj : error LNK2005: _stbi_loadf_from_memory already defined in main.obj
Utility.obj : error LNK2005: _stbi_set_flip_vertically_on_load already defined in main.obj
Utility.obj : error LNK2005: _stbi_set_unpremultiply_on_load already defined in main.obj
Utility.obj : error LNK2005: _stbi_zlib_decode_buffer already defined in main.obj
Utility.obj : error LNK2005: _stbi_zlib_decode_malloc already defined in main.obj
Utility.obj : error LNK2005: _stbi_zlib_decode_malloc_guesssize already defined in main.obj
Utility.obj : error LNK2005: _stbi_zlib_decode_malloc_guesssize_headerflag already defined in main.obj
Utility.obj : error LNK2005: _stbi_zlib_decode_noheader_buffer already defined in main.obj
Utility.obj : error LNK2005: _stbi_zlib_decode_noheader_malloc already defined in main.obj
E:\NYU\Summer2022\CS3113\hw\project5\VisualStudioSDLProject\SDLProject\Debug\SDLProject.exe : fatal error LNK1169: one or more multiply defined symbols found
