e:\nyu\summer2022\cs3113\hw\project5\visualstudiosdlproject\sdlproject\debug\vc143.pdb
e:\nyu\summer2022\cs3113\hw\project5\visualstudiosdlproject\sdlproject\debug\vc143.idb
e:\nyu\summer2022\cs3113\hw\project5\visualstudiosdlproject\sdlproject\debug\utility.obj
e:\nyu\summer2022\cs3113\hw\project5\visualstudiosdlproject\sdlproject\debug\sprite.obj
e:\nyu\summer2022\cs3113\hw\project5\visualstudiosdlproject\sdlproject\debug\shaderprogram.obj
e:\nyu\summer2022\cs3113\hw\project5\visualstudiosdlproject\sdlproject\debug\map.obj
e:\nyu\summer2022\cs3113\hw\project5\visualstudiosdlproject\sdlproject\debug\helper.obj
e:\nyu\summer2022\cs3113\hw\project5\visualstudiosdlproject\sdlproject\debug\levelb.obj
e:\nyu\summer2022\cs3113\hw\project5\visualstudiosdlproject\sdlproject\debug\entity.obj
e:\nyu\summer2022\cs3113\hw\project5\visualstudiosdlproject\sdlproject\debug\main.obj
e:\nyu\summer2022\cs3113\hw\project5\visualstudiosdlproject\sdlproject\debug\levela.obj
e:\nyu\summer2022\cs3113\hw\project5\visualstudiosdlproject\sdlproject\debug\scene.obj
e:\nyu\summer2022\cs3113\hw\project5\visualstudiosdlproject\sdlproject\debug\glew32.dll
e:\nyu\summer2022\cs3113\hw\project5\visualstudiosdlproject\sdlproject\debug\sdl2.dll
e:\nyu\summer2022\cs3113\hw\project5\visualstudiosdlproject\sdlproject\debug\sdlproject.exe
e:\nyu\summer2022\cs3113\hw\project5\visualstudiosdlproject\sdlproject\debug\sdlproject.ilk
e:\nyu\summer2022\cs3113\hw\project5\visualstudiosdlproject\sdlproject\debug\sdlproject.pdb
e:\nyu\summer2022\cs3113\hw\project5\visualstudiosdlproject\sdlproject\debug\sdlproject.tlog\cl.command.1.tlog
e:\nyu\summer2022\cs3113\hw\project5\visualstudiosdlproject\sdlproject\debug\sdlproject.tlog\cl.read.1.tlog
e:\nyu\summer2022\cs3113\hw\project5\visualstudiosdlproject\sdlproject\debug\sdlproject.tlog\cl.write.1.tlog
e:\nyu\summer2022\cs3113\hw\project5\visualstudiosdlproject\sdlproject\debug\sdlproject.tlog\copyfile.command.1.tlog
e:\nyu\summer2022\cs3113\hw\project5\visualstudiosdlproject\sdlproject\debug\sdlproject.tlog\copyfile.read.1.tlog
e:\nyu\summer2022\cs3113\hw\project5\visualstudiosdlproject\sdlproject\debug\sdlproject.tlog\copyfile.write.1.tlog
e:\nyu\summer2022\cs3113\hw\project5\visualstudiosdlproject\sdlproject\debug\sdlproject.tlog\link.command.1.tlog
e:\nyu\summer2022\cs3113\hw\project5\visualstudiosdlproject\sdlproject\debug\sdlproject.tlog\link.read.1.tlog
e:\nyu\summer2022\cs3113\hw\project5\visualstudiosdlproject\sdlproject\debug\sdlproject.tlog\link.write.1.tlog
